nohup: 忽略输入
训练集长度: 51
测试集长度: 22

Chain 3:   0%|          | 0/240000 [00:00<?, ?it/s]
Chain 2:   0%|          | 0/240000 [00:00<?, ?it/s]
Chain 4:   0%|          | 0/240000 [00:00<?, ?it/s]
Chain 1:   0%|          | 0/240000 [00:00<?, ?it/s]
Chain 2:   0%|          | 1/240000 [00:01<79:06:07,  1.19s/it]
Chain 3:   0%|          | 1/240000 [00:01<81:59:57,  1.23s/it]
Chain 4:   0%|          | 1/240000 [00:01<82:04:25,  1.23s/it]
Chain 1:   0%|          | 1/240000 [00:01<88:41:56,  1.33s/it]
Chain 2:   0%|          | 2/240000 [00:02<79:01:21,  1.19s/it]
Chain 3:   0%|          | 2/240000 [00:02<83:26:03,  1.25s/it]
Chain 4:   0%|          | 2/240000 [00:02<82:24:48,  1.24s/it]

Chain 4:  72%|███████▏  | 173902/240000 [55:55:59<21:20:39,  1.16s/it]
Chain 3:  73%|███████▎  | 175956/240000 [55:56:00<21:01:39,  1.18s/it]
Chain 1:  74%|███████▍  | 178259/240000 [55:56:00<18:55:42,  1.10s/it]
Chain 2:  74%|███████▍  | 178214/240000 [55:56:01<20:34:56,  1.20s/it]
Chain 4:  72%|███████▏  | 173903/240000 [55:56:01<21:18:33,  1.16s/it]
Chain 3:  73%|███████▎  | 175957/240000 [55:56:01<20:57:36,  1.18s/it]